build/app/outputs/mapping/release/seeds.txt
com.SIVYHAMAGRICULTURETECHNOLOGY.poultry.MainActivity
com.SIVYHAMAGRICULTURETECHNOLOGY.poultry.MainActivity: MainActivity()
...
io.flutter.plugin.editing.ImeSyncDeferringInsetsCallback: boolean access$302(io.flutter.plugin.editing.ImeSyncDeferringInsetsCallback,boolean)
com.google.android.gms.internal.firebase-auth-api.zzuw$zza: zzuw$zza()
com.google.android.recaptcha.internal.zzpk: zzpk()
com.google.android.gms.internal.firebase-auth-api.zzamg: boolean zza(com.google.android.gms.internal.firebase-auth-api.zzale)
com.google.android.gms.common.internal.BaseGmsClient: boolean zzo(com.google.android.gms.common.internal.BaseGmsClient)
com.google.android.gms.internal.firebase-auth-api.zzabo: void zza(com.google.android.gms.tasks.TaskCompletionSource,com.google.android.gms.internal.firebase-auth-api.zzaci)
com.google.android.recaptcha.internal.zzaz: void onUpgrade(android.database.sqlite.SQLiteDatabase,int,int)
com.google.android.gms.common.api.internal.BasePendingResult: BasePendingResult(android.os.Looper)
com.google.android.gms.internal.base.zak: android.graphics.drawable.Drawable zaa()
com.google.firebase.platforminfo.GlobalLibraryVersionRegistrar: GlobalLibraryVersionRegistrar()
com.google.android.gms.internal.auth.zzec: int zze(int,int,int)
com.google.protobuf.MapFieldLite: MapFieldLite()
com.google.android.gms.internal.fido.zzbi: java.util.SortedSet tailSet(java.lang.Object)
com.google.android.gms.internal.firebase-auth-api.zzaio: java.lang.String zzc(int)
androidx.collection.LruCache: java.lang.Object remove(java.lang.Object)
com.google.android.gms.internal.fido.zzbu: com.google.android.gms.internal.fido.zzbi zzo(java.lang.Object,boolean,java.lang.Object,boolean)
com.google.android.gms.internal.firebase-auth-api.zzaev: com.google.android.gms.internal.firebase-auth-api.zzacu zza(java.lang.String)
androidx.appcompat.widget.AppCompatImageView: android.graphics.PorterDuff$Mode getSupportImageTintMode()
com.google.android.recaptcha.internal.zzij: void zzh(com.google.android.recaptcha.internal.zzij)
com.google.android.gms.internal.firebase-auth-api.zzakt: void zzb(java.lang.Object,int,int)
com.google.android.recaptcha.internal.zzdp: zzdp()
io.grpc.okhttp.internal.framed.HeadersMode: io.grpc.okhttp.internal.framed.HeadersMode[] values()
com.facebook.FacebookException: FacebookException()
com.google.android.gms.internal.firebase-auth-api.zzdz$zzb: java.lang.String toString()
com.google.android.gms.internal.firebase-auth-api.zzyl: void zzc(java.lang.String,com.google.android.gms.internal.firebase-auth-api.zzacf)
com.google.android.gms.common.api.internal.LifecycleCallback: void onDestroy()
com.google.android.gms.internal.firebase-auth-api.zzafp: zzafp()
com.google.android.gms.internal.auth.zzae: void setResult(java.lang.Object)
com.google.android.gms.common.api.internal.LifecycleCallback: void dump(java.lang.String,java.io.FileDescriptor,java.io.PrintWriter,java.lang.String[])
io.flutter.embedding.engine.FlutterJNI: void removeIsDisplayingFlutterUiListener(io.flutter.embedding.engine.renderer.FlutterUiDisplayListener)
com.google.android.gms.internal.fido.zzar: boolean hasPrevious()
com.google.android.recaptcha.internal.zzio: void zzn()
androidx.appcompat.widget.Toolbar: void setNavigationContentDescription(int)
com.google.android.gms.internal.fido.zzdu: long zzh()
com.google.android.recaptcha.internal.zzbs: zzbs()
com.google.android.gms.internal.firebase-auth-api.zzry: void zza(com.google.android.gms.internal.firebase-auth-api.zzry,com.google.android.gms.internal.firebase-auth-api.zzsb)
com.facebook.appevents.AppEventDiskStore: AppEventDiskStore()
com.google.android.gms.internal.firebase-auth-api.zztj: void zza(com.google.android.gms.internal.firebase-auth-api.zzvc)
com.google.android.gms.internal.firebase-auth-api.zzhc: java.lang.Object initialValue()
com.google.android.gms.internal.fido.zzdr: zzdr()
com.google.android.gms.internal.firebase-auth-api.zzmh: zzmh(java.util.Map,java.util.Map,com.google.android.gms.internal.firebase-auth-api.zzmm)
com.google.android.gms.internal.auth.zzfm: void zze(long)