build/app/outputs/mapping/release/usage.txt
com.SIVYHAMAGRICULTURETECHNOLOGY.poultry.BuildConfig
com.SIVYHAMAGRICULTURETECHNOLOGY.poultry.R$anim
com.SIVYHAMAGRICULTURETECHNOLOGY.poultry.R$animator
com.SIVYHAMAGRICULTURETECHNOLOGY.poultry.R$attr
com.SIVYHAMAGRICULTURETECHNOLOGY.poultry.R$bool
com.SIVYHAMAGRICULTURETECHNOLOGY.poultry.R$color
com.SIVYHAMAGRICULTURETECHNOLOGY.poultry.R$dimen
com.SIVYHAMAGRICULTURETECHNOLOGY.poultry.R$drawable
com.SIVYHAMAGRICULTURETECHNOLOGY.poultry.R$id
com.SIVYHAMAGRICULTURETECHNOLOGY.poultry.R$integer
com.SIVYHAMAGRICULTURETECHNOLOGY.poultry.R$interpolator
com.SIVYHAMAGRICULTURETECHNOLOGY.poultry.R$layout
com.SIVYHAMAGRICULTURETECHNOLOGY.poultry.R$mipmap
com.SIVYHAMAGRICULTURETECHNOLOGY.poultry.R$raw
com.SIVYHAMAGRICULTURETECHNOLOGY.poultry.R$string
com.SIVYHAMAGRICULTURETECHNOLOGY.poultry.R$style
com.SIVYHAMAGRICULTURETECHNOLOGY.poultry.R$styleable
com.SIVYHAMAGRICULTURETECHNOLOGY.poultry.R$xml
com.SIVYHAMAGRICULTURETECHNOLOGY.poultry.R
...
androidx.credentials.exceptions.GetCredentialCustomException
androidx.credentials.exceptions.GetCredentialException
androidx.credentials.exceptions.GetCredentialInterruptedException$Companion
androidx.credentials.exceptions.GetCredentialInterruptedException
androidx.credentials.exceptions.GetCredentialProviderConfigurationException$Companion
androidx.credentials.exceptions.GetCredentialProviderConfigurationException
androidx.credentials.exceptions.GetCredentialUnknownException$Companion
androidx.credentials.exceptions.GetCredentialUnknownException
androidx.credentials.exceptions.GetCredentialUnsupportedException$Companion
androidx.credentials.exceptions.GetCredentialUnsupportedException
androidx.credentials.exceptions.NoCredentialException$Companion
androidx.credentials.exceptions.NoCredentialException
androidx.credentials.exceptions.domerrors.AbortError$Companion
androidx.credentials.exceptions.domerrors.AbortError
androidx.credentials.exceptions.domerrors.ConstraintError$Companion
androidx.credentials.exceptions.domerrors.ConstraintError
androidx.credentials.exceptions.domerrors.DataCloneError$Companion
androidx.credentials.exceptions.domerrors.DataCloneError
androidx.credentials.exceptions.domerrors.DataError$Companion
androidx.credentials.exceptions.domerrors.DataError
androidx.credentials.exceptions.domerrors.DomError
androidx.credentials.exceptions.domerrors.EncodingError$Companion
androidx.credentials.exceptions.domerrors.EncodingError
androidx.credentials.exceptions.domerrors.HierarchyRequestError$Companion
androidx.credentials.exceptions.domerrors.HierarchyRequestError
androidx.credentials.exceptions.domerrors.InUseAttributeError$Companion
androidx.credentials.exceptions.domerrors.InUseAttributeError
androidx.credentials.exceptions.domerrors.InvalidCharacterError$Companion
androidx.credentials.exceptions.domerrors.InvalidCharacterError
androidx.credentials.exceptions.domerrors.InvalidModificationError$Companion
androidx.credentials.exceptions.domerrors.InvalidModificationError
androidx.credentials.exceptions.domerrors.InvalidNodeTypeError$Companion
androidx.credentials.exceptions.domerrors.InvalidNodeTypeError
androidx.credentials.exceptions.domerrors.InvalidStateError$Companion
androidx.credentials.exceptions.domerrors.InvalidStateError
androidx.credentials.exceptions.domerrors.NamespaceError$Companion
androidx.credentials.exceptions.domerrors.NamespaceError
androidx.credentials.exceptions.domerrors.NetworkError$Companion
androidx.credentials.exceptions.domerrors.NetworkError
androidx.credentials.exceptions.domerrors.NoModificationAllowedError$Companion
androidx.credentials.exceptions.domerrors.NoModificationAllowedError
androidx.credentials.exceptions.domerrors.NotAllowedError$Companion
androidx.credentials.exceptions.domerrors.NotAllowedError
androidx.credentials.exceptions.domerrors.NotFoundError$Companion
androidx.credentials.exceptions.domerrors.NotFoundError
androidx.credentials.exceptions.domerrors.NotReadableError$Companion
androidx.credentials.exceptions.domerrors.NotReadableError
androidx.credentials.exceptions.domerrors.NotSupportedError$Companion
androidx.credentials.exceptions.domerrors.NotSupportedError
androidx.credentials.exceptions.domerrors.OperationError$Companion
androidx.credentials.exceptions.domerrors.OperationError
androidx.credentials.exceptions.domerrors.OptOutError$Companion
androidx.credentials.exceptions.domerrors.OptOutError
androidx.credentials.exceptions.domerrors.QuotaExceededError$Companion
androidx.credentials.exceptions.domerrors.QuotaExceededError
androidx.credentials.exceptions.domerrors.ReadOnlyError$Companion
androidx.credentials.exceptions.domerrors.ReadOnlyError
androidx.credentials.exceptions.domerrors.SecurityError$Companion
androidx.credentials.exceptions.domerrors.SecurityError
androidx.credentials.exceptions.domerrors.SyntaxError$Companion
androidx.credentials.exceptions.domerrors.SyntaxError
androidx.credentials.exceptions.domerrors.TimeoutError$Companion